#
# A fatal error has been detected by the Java Runtime Environment:
#
#  SIGSEGV (0xb) at pc=0x6fb41f12, pid=32196, tid=1785903984
#
# JRE version: 6.0_24-b07
# Java VM: Java HotSpot(TM) Server VM (19.1-b02 mixed mode linux-x86 )
# Problematic frame:
# C  [libgdx.so+0x36f12]  _ZN7b2World12DestroyJointEP7b2Joint+0x42
#
# If you would like to submit a bug report, please visit:
#   http://java.sun.com/webapps/bugreport/crash.jsp
# The crash happened outside the Java Virtual Machine in native code.
# See problematic frame for where to report the bug.
#

---------------  T H R E A D  ---------------

Current thread (0x6f78cc00):  JavaThread "LWJGL Application" [_thread_in_native, id=32215, stack(0x6a6db000,0x6a72c000)]

siginfo:si_signo=SIGSEGV: si_errno=0, si_code=1 (SEGV_MAPERR), si_addr=0x40a00008

Registers:
EAX=0x68730178, EBX=0x6fb88ff4, ECX=0x40a00000, EDX=0x00000000
ESP=0x6a72adc0, EBP=0x6a72ae18, ESI=0x70e3c278, EDI=0x68732138
EIP=0x6fb41f12, CR2=0x40a00008, EFLAGS=0x00210206

Register to memory mapping:

EAX=0x68730178
0x68730178 is pointing to unknown location

EBX=0x6fb88ff4
0x6fb88ff4: <offset 0x7dff4> in /tmp/libgdx/4116731619/libgdx.so at 0x6fb0b000

ECX=0x40a00000
0x40a00000 is pointing to unknown location

EDX=0x00000000
0x00000000 is pointing to unknown location

ESP=0x6a72adc0
0x6a72adc0 is pointing into the stack for thread: 0x6f78cc00
"LWJGL Application" prio=10 tid=0x6f78cc00 nid=0x7dd7 runnable [0x6a72a000]
   java.lang.Thread.State: RUNNABLE

EBP=0x6a72ae18
0x6a72ae18 is pointing into the stack for thread: 0x6f78cc00
"LWJGL Application" prio=10 tid=0x6f78cc00 nid=0x7dd7 runnable [0x6a72a000]
   java.lang.Thread.State: RUNNABLE

ESI=0x70e3c278
{method} 
 - klass: {other class}

EDI=0x68732138
0x68732138 is pointing to unknown location


Top of Stack: (sp=0x6a72adc0)
0x6a72adc0:   00000038 00000010 0000000a b395f688
0x6a72add0:   00000000 6f78cc00 6a72ae60 b6e53e6a
0x6a72ade0:   6fb2b7a9 6f78cc00 09b61fc0 09b61fc4
0x6a72adf0:   09b61fd4 00000015 6672ae60 68730184
0x6a72ae00:   000000b4 70e4a18e 6f78cc00 6fb88ff4
0x6a72ae10:   70e3c278 6f78cc00 6a72ae38 6fb25c64
0x6a72ae20:   68732138 68730178 6a72ae28 70e4a18e
0x6a72ae30:   6a72ae68 70e3c278 6a72ae84 b396762a 

Instructions: (pc=0x6fb41f12)
0x6fb41f02:   d2 74 06 8b 48 0c 89 4a 0c 8b 48 0c 85 c9 74 03
0x6fb41f12:   89 51 08 39 87 2c 92 01 00 0f 84 37 01 00 00 8b 

Stack: [0x6a6db000,0x6a72c000],  sp=0x6a72adc0,  free space=319k
Native frames: (J=compiled Java code, j=interpreted, Vv=VM code, C=native code)
C  [libgdx.so+0x36f12]  _ZN7b2World12DestroyJointEP7b2Joint+0x42
C  [libgdx.so+0x1ac64]  Java_com_badlogic_gdx_physics_box2d_World_jniDestroyJoint+0x24
j  com.badlogic.gdx.physics.box2d.World.jniDestroyJoint(JJ)V+0
j  com.badlogic.gdx.physics.box2d.World.destroyJoint(Lcom/badlogic/gdx/physics/box2d/Joint;)V+57
j  com.gemserk.games.discovertheway.Game$SuperSheepGameState$MiniPlanet.processInput()V+64
j  com.gemserk.games.discovertheway.Game$SuperSheepGameState$MiniPlanet.update(I)V+1
j  com.gemserk.games.discovertheway.Game$SuperSheepGameState.update(I)V+47
j  com.gemserk.commons.gdx.ScreenImpl.update(I)V+13
j  com.gemserk.commons.gdx.Game.render()V+16
j  com.gemserk.games.discovertheway.Game.render()V+1
j  com.badlogic.gdx.backends.lwjgl.LwjglApplication.mainLoop()V+246
j  com.badlogic.gdx.backends.lwjgl.LwjglApplication.access$000(Lcom/badlogic/gdx/backends/lwjgl/LwjglApplication;)V+1
j  com.badlogic.gdx.backends.lwjgl.LwjglApplication$1.run()V+4
v  ~StubRoutines::call_stub
V  [libjvm.so+0x3cfb21]
V  [libjvm.so+0x5c5478]
V  [libjvm.so+0x3cf395]
V  [libjvm.so+0x3cf458]
V  [libjvm.so+0x451be7]
V  [libjvm.so+0x6c604f]
V  [libjvm.so+0x5c6a6e]
C  [libpthread.so.0+0x5e99]

Java frames: (J=compiled Java code, j=interpreted, Vv=VM code)
j  com.badlogic.gdx.physics.box2d.World.jniDestroyJoint(JJ)V+0
j  com.badlogic.gdx.physics.box2d.World.destroyJoint(Lcom/badlogic/gdx/physics/box2d/Joint;)V+57
j  com.gemserk.games.discovertheway.Game$SuperSheepGameState$MiniPlanet.processInput()V+64
j  com.gemserk.games.discovertheway.Game$SuperSheepGameState$MiniPlanet.update(I)V+1
j  com.gemserk.games.discovertheway.Game$SuperSheepGameState.update(I)V+47
j  com.gemserk.commons.gdx.ScreenImpl.update(I)V+13
j  com.gemserk.commons.gdx.Game.render()V+16
j  com.gemserk.games.discovertheway.Game.render()V+1
j  com.badlogic.gdx.backends.lwjgl.LwjglApplication.mainLoop()V+246
j  com.badlogic.gdx.backends.lwjgl.LwjglApplication.access$000(Lcom/badlogic/gdx/backends/lwjgl/LwjglApplication;)V+1
j  com.badlogic.gdx.backends.lwjgl.LwjglApplication$1.run()V+4
v  ~StubRoutines::call_stub

---------------  P R O C E S S  ---------------

Java Threads: ( => current thread )
  0x6f78d800 JavaThread "DestroyJavaVM" [_thread_blocked, id=32201, stack(0xb69dc000,0xb6a2d000)]
=>0x6f78cc00 JavaThread "LWJGL Application" [_thread_in_native, id=32215, stack(0x6a6db000,0x6a72c000)]
  0x6f75ec00 JavaThread "AWT-XAWT" daemon [_thread_in_native, id=32213, stack(0x6f427000,0x6f478000)]
  0x6f723000 JavaThread "Java2D Disposer" daemon [_thread_blocked, id=32212, stack(0x6f4ad000,0x6f4fe000)]
  0x09afa800 JavaThread "Low Memory Detector" daemon [_thread_blocked, id=32210, stack(0x6fc52000,0x6fca3000)]
  0x09aef400 JavaThread "CompilerThread1" daemon [_thread_blocked, id=32209, stack(0x6fca3000,0x6fd24000)]
  0x09aed400 JavaThread "CompilerThread0" daemon [_thread_blocked, id=32208, stack(0x6fd24000,0x6fda5000)]
  0x09aebc00 JavaThread "Signal Dispatcher" daemon [_thread_blocked, id=32207, stack(0x6fda5000,0x6fdf6000)]
  0x09ada000 JavaThread "Finalizer" daemon [_thread_blocked, id=32206, stack(0x70116000,0x70167000)]
  0x09ad8800 JavaThread "Reference Handler" daemon [_thread_blocked, id=32205, stack(0x70167000,0x701b8000)]

Other Threads:
  0x09ad4c00 VMThread [stack: 0x701b8000,0x70239000] [id=32204]
  0x09afc400 WatcherThread [stack: 0x6fbd1000,0x6fc52000] [id=32211]

VM state:not at safepoint (normal execution)

VM Mutex/Monitor currently owned by a thread: None

Heap
 PSYoungGen      total 18816K, used 13555K [0x9e890000, 0x9fd90000, 0xb3890000)
  eden space 16128K, 84% used [0x9e890000,0x9f5ccde0,0x9f850000)
  from space 2688K, 0% used [0x9faf0000,0x9faf0000,0x9fd90000)
  to   space 2688K, 0% used [0x9f850000,0x9f850000,0x9faf0000)
 PSOldGen        total 43008K, used 0K [0x74890000, 0x77290000, 0x9e890000)
  object space 43008K, 0% used [0x74890000,0x74890000,0x77290000)
 PSPermGen       total 16384K, used 6117K [0x70890000, 0x71890000, 0x74890000)
  object space 16384K, 37% used [0x70890000,0x70e896c0,0x71890000)

Dynamic libraries:
08048000-08052000 r-xp 00000000 08:05 2052       /usr/lib/jvm/java-6-sun-1.6.0.24/jre/bin/java
08052000-08053000 rwxp 00009000 08:05 2052       /usr/lib/jvm/java-6-sun-1.6.0.24/jre/bin/java
09a51000-09faf000 rwxp 00000000 00:00 0          [heap]
68700000-687ff000 rwxp 00000000 00:00 0 
687ff000-68800000 ---p 00000000 00:00 0 
68800000-68a00000 rwxs 2f965000 00:05 9560       /dev/nvidia0
68a00000-68b00000 rwxs 2f8d3000 00:05 9560       /dev/nvidia0
68b00000-68bfc000 rwxp 00000000 00:00 0 
68bfc000-68c00000 ---p 00000000 00:00 0 
68cbf000-68cc0000 rwxs fdc0e000 00:05 9560       /dev/nvidia0
68cc0000-68d00000 rwxs 0e6e9000 00:05 9560       /dev/nvidia0
68d00000-68df0000 rwxp 00000000 00:00 0 
68df0000-68e00000 ---p 00000000 00:00 0 
68e2a000-68e7e000 rwxp 00000000 00:00 0 
68e7f000-68e9a000 rwxs 2be20000 00:05 9560       /dev/nvidia0
68e9a000-6a54f000 r-xp 00000000 08:05 80724      /usr/lib/nvidia-current/libnvidia-glcore.so.270.41.06
6a54f000-6a5ab000 rwxp 016b4000 08:05 80724      /usr/lib/nvidia-current/libnvidia-glcore.so.270.41.06
6a5ab000-6a5bc000 rwxp 00000000 00:00 0 
6a5bc000-6a65d000 r-xp 00000000 08:05 80720      /usr/lib/nvidia-current/libGL.so.270.41.06
6a65d000-6a67b000 rwxp 000a1000 08:05 80720      /usr/lib/nvidia-current/libGL.so.270.41.06
6a67b000-6a68a000 rwxp 00000000 00:00 0 
6a68a000-6a68d000 ---p 00000000 00:00 0 
6a68d000-6a6db000 rwxp 00000000 00:00 0 
6a6db000-6a6de000 ---p 00000000 00:00 0 
6a6de000-6a72c000 rwxp 00000000 00:00 0 
6a72c000-6e72d000 rwxs 00000000 00:10 416712     /dev/shm/pulse-shm-861950598
6e72d000-6e72e000 ---p 00000000 00:00 0 
6e72e000-6ef2e000 rwxp 00000000 00:00 0 
6ef2e000-6ef33000 r-xp 00000000 08:05 33076      /usr/lib/libogg.so.0.7.0
6ef33000-6ef34000 r-xp 00004000 08:05 33076      /usr/lib/libogg.so.0.7.0
6ef34000-6ef35000 rwxp 00005000 08:05 33076      /usr/lib/libogg.so.0.7.0
6ef35000-6ef5a000 r-xp 00000000 08:05 8019       /usr/lib/libvorbis.so.0.4.5
6ef5a000-6ef5b000 r-xp 00025000 08:05 8019       /usr/lib/libvorbis.so.0.4.5
6ef5b000-6ef5c000 rwxp 00026000 08:05 8019       /usr/lib/libvorbis.so.0.4.5
6ef5c000-6f0c1000 r-xp 00000000 08:05 8017       /usr/lib/libvorbisenc.so.2.0.8
6f0c1000-6f0c2000 ---p 00165000 08:05 8017       /usr/lib/libvorbisenc.so.2.0.8
6f0c2000-6f0d3000 r-xp 00165000 08:05 8017       /usr/lib/libvorbisenc.so.2.0.8
6f0d3000-6f0d4000 rwxp 00176000 08:05 8017       /usr/lib/libvorbisenc.so.2.0.8
6f0d4000-6f11e000 r-xp 00000000 08:05 10978      /usr/lib/libFLAC.so.8.2.0
6f11e000-6f11f000 r-xp 00049000 08:05 10978      /usr/lib/libFLAC.so.8.2.0
6f11f000-6f120000 rwxp 0004a000 08:05 10978      /usr/lib/libFLAC.so.8.2.0
6f120000-6f180000 r-xp 00000000 08:05 9071       /usr/lib/libsndfile.so.1.0.23
6f180000-6f181000 r-xp 00060000 08:05 9071       /usr/lib/libsndfile.so.1.0.23
6f181000-6f182000 rwxp 00061000 08:05 9071       /usr/lib/libsndfile.so.1.0.23
6f182000-6f186000 rwxp 00000000 00:00 0 
6f186000-6f18d000 r-xp 00000000 08:05 4357       /lib/libwrap.so.0.7.6
6f18d000-6f18e000 r-xp 00006000 08:05 4357       /lib/libwrap.so.0.7.6
6f18e000-6f18f000 rwxp 00007000 08:05 4357       /lib/libwrap.so.0.7.6
6f18f000-6f192000 r-xp 00000000 08:05 11027      /lib/i386-linux-gnu/libuuid.so.1.3.0
6f192000-6f193000 r-xp 00002000 08:05 11027      /lib/i386-linux-gnu/libuuid.so.1.3.0
6f193000-6f194000 rwxp 00003000 08:05 11027      /lib/i386-linux-gnu/libuuid.so.1.3.0
6f194000-6f1cf000 r-xp 00000000 08:05 856        /lib/i386-linux-gnu/libdbus-1.so.3.5.4
6f1cf000-6f1d0000 r-xp 0003a000 08:05 856        /lib/i386-linux-gnu/libdbus-1.so.3.5.4
6f1d0000-6f1d1000 rwxp 0003b000 08:05 856        /lib/i386-linux-gnu/libdbus-1.so.3.5.4
6f1d1000-6f218000 r-xp 00000000 08:05 4823       /usr/lib/libpulsecommon-0.9.22.so
6f218000-6f219000 r-xp 00046000 08:05 4823       /usr/lib/libpulsecommon-0.9.22.so
6f219000-6f21a000 rwxp 00047000 08:05 4823       /usr/lib/libpulsecommon-0.9.22.so
6f21a000-6f21d000 r-xp 00000000 08:05 3865       /usr/lib/libxcb-atom.so.1.0.0
6f21d000-6f21e000 r-xp 00002000 08:05 3865       /usr/lib/libxcb-atom.so.1.0.0
6f21e000-6f21f000 rwxp 00003000 08:05 3865       /usr/lib/libxcb-atom.so.1.0.0
6f21f000-6f25e000 r-xp 00000000 08:05 4487       /usr/lib/libpulse.so.0.12.3
6f25e000-6f25f000 r-xp 0003e000 08:05 4487       /usr/lib/libpulse.so.0.12.3
6f25f000-6f260000 rwxp 0003f000 08:05 4487       /usr/lib/libpulse.so.0.12.3
6f267000-6f269000 r-xs 00000000 08:05 6149       /tmp/glzhSkgN (deleted)
6f269000-6f26b000 rwxs 00000000 08:05 6149       /tmp/glzhSkgN (deleted)
6f26b000-6f26f000 rwxs 32b48000 00:05 9560       /dev/nvidia0
6f26f000-6f273000 rwxs 06442000 00:05 9560       /dev/nvidia0
6f273000-6f274000 rwxs f4006000 00:05 9560       /dev/nvidia0
6f274000-6f275000 rwxs 064aa000 00:05 9560       /dev/nvidia0
6f275000-6f279000 rwxs 2f37d000 00:05 9560       /dev/nvidia0
6f279000-6f27a000 rwxs fd642000 00:05 9560       /dev/nvidia0
6f27a000-6f27b000 rwxs 2be4b000 00:05 9560       /dev/nvidia0
6f27b000-6f310000 rwxp 00000000 00:00 0 
6f310000-6f350000 r-xp 00000000 08:05 6147       /tmp/libgdx/4116731619/libopenal.so
6f350000-6f351000 r-xp 00040000 08:05 6147       /tmp/libgdx/4116731619/libopenal.so
6f351000-6f352000 rwxp 00041000 08:05 6147       /tmp/libgdx/4116731619/libopenal.so
6f352000-6f362000 rwxp 00000000 00:00 0 
6f362000-6f363000 r-xs 00000000 08:05 165691     /var/cache/fontconfig/26de28bc8622bbc1fb67fd234c21975f-le32d4.cache-3
6f363000-6f364000 r-xs 00000000 08:05 200551     /var/cache/fontconfig/c05880de57d1f5e948fdfacc138775d9-le32d4.cache-3
6f364000-6f36a000 r-xs 00000000 08:05 165716     /var/cache/fontconfig/945677eb7aeaf62f1d50efc3fb3ec7d8-le32d4.cache-3
6f36a000-6f36d000 r-xs 00000000 08:05 200476     /var/cache/fontconfig/99e8ed0e538f840c565b6ed5dad60d56-le32d4.cache-3
6f36d000-6f36f000 r-xs 00000000 08:05 196742     /var/cache/fontconfig/f24b2111ab8703b4e963115a8cf14259-le32d4.cache-3
6f36f000-6f372000 r-xs 00000000 08:05 199618     /var/cache/fontconfig/e383d7ea5fbe662a33d9b44caf393297-le32d4.cache-3
6f372000-6f374000 r-xs 00000000 08:05 200547     /var/cache/fontconfig/2cd17615ca594fa2959ae173292e504c-le32d4.cache-3
6f374000-6f375000 r-xs 00000000 08:05 200507     /var/cache/fontconfig/e7071f4a29fa870f4323321c154eba04-le32d4.cache-3
6f375000-6f377000 r-xs 00000000 08:05 200543     /var/cache/fontconfig/b5ea634b0fb353b8ea17632d1f9ef766-le32d4.cache-3
6f377000-6f37a000 r-xs 00000000 08:05 197340     /var/cache/fontconfig/6eb3985aa4124903f6ff08ba781cd364-le32d4.cache-3
6f37a000-6f37b000 r-xs 00000000 08:05 200539     /var/cache/fontconfig/4c73fe0c47614734b17d736dbde7580a-le32d4.cache-3
6f37b000-6f37c000 r-xs 00000000 08:05 197324     /var/cache/fontconfig/0d8c3b2ac0904cb8a57a757ad11a4a08-le32d4.cache-3
6f37c000-6f37d000 r-xs 00000000 08:05 200535     /var/cache/fontconfig/6a53c69dea097a2d716e069445527da8-le32d4.cache-3
6f37d000-6f381000 r-xs 00000000 08:05 197289     /var/cache/fontconfig/062808c12e6e608270f93bb230aed730-le32d4.cache-3
6f381000-6f385000 r-xs 00000000 08:05 200531     /var/cache/fontconfig/a755afe4a08bf5b97852ceb7400b47bc-le32d4.cache-3
6f385000-6f38c000 r-xs 00000000 08:05 200527     /var/cache/fontconfig/6d41288fd70b0be22e8c3a91e032eec0-le32d4.cache-3
6f38c000-6f397000 r-xs 00000000 08:05 197286     /var/cache/fontconfig/0f34bcd4b6ee430af32735b75db7f02b-le32d4.cache-3
6f397000-6f3b9000 r-xs 00000000 08:05 200523     /var/cache/fontconfig/365b55f210c0a22e9a19e35191240f32-le32d4.cache-3
6f3b9000-6f3ba000 rwxs fd641000 00:05 9560       /dev/nvidia0
6f3ba000-6f3c0000 r-xp 00000000 08:05 3570       /usr/lib/i386-linux-gnu/libSM.so.6.0.1
6f3c0000-6f3c1000 r-xp 00005000 08:05 3570       /usr/lib/i386-linux-gnu/libSM.so.6.0.1
6f3c1000-6f3c2000 rwxp 00006000 08:05 3570       /usr/lib/i386-linux-gnu/libSM.so.6.0.1
6f3c2000-6f3c8000 r-xp 00000000 08:05 3630       /usr/lib/i386-linux-gnu/libXrandr.so.2.2.0
6f3c8000-6f3c9000 r-xp 00005000 08:05 3630       /usr/lib/i386-linux-gnu/libXrandr.so.2.2.0
6f3c9000-6f3ca000 rwxp 00006000 08:05 3630       /usr/lib/i386-linux-gnu/libXrandr.so.2.2.0
6f3ca000-6f424000 r-xp 00000000 08:05 6148       /tmp/libgdx/4116731619/liblwjgl.so
6f424000-6f425000 ---p 0005a000 08:05 6148       /tmp/libgdx/4116731619/liblwjgl.so
6f425000-6f426000 r-xp 0005a000 08:05 6148       /tmp/libgdx/4116731619/liblwjgl.so
6f426000-6f427000 rwxp 0005b000 08:05 6148       /tmp/libgdx/4116731619/liblwjgl.so
6f427000-6f42a000 ---p 00000000 00:00 0 
6f42a000-6f478000 rwxp 00000000 00:00 0 
6f478000-6f47c000 r-xp 00000000 08:05 2493       /usr/lib/i386-linux-gnu/libXfixes.so.3.1.0
6f47c000-6f47d000 r-xp 00003000 08:05 2493       /usr/lib/i386-linux-gnu/libXfixes.so.3.1.0
6f47d000-6f47e000 rwxp 00004000 08:05 2493       /usr/lib/i386-linux-gnu/libXfixes.so.3.1.0
6f47e000-6f486000 r-xp 00000000 08:05 64149      /usr/lib/i386-linux-gnu/libXrender.so.1.3.0
6f486000-6f487000 r-xp 00007000 08:05 64149      /usr/lib/i386-linux-gnu/libXrender.so.1.3.0
6f487000-6f488000 rwxp 00008000 08:05 64149      /usr/lib/i386-linux-gnu/libXrender.so.1.3.0
6f488000-6f490000 r-xp 00000000 08:05 4654       /usr/lib/i386-linux-gnu/libXcursor.so.1.0.2
6f490000-6f491000 r-xp 00007000 08:05 4654       /usr/lib/i386-linux-gnu/libXcursor.so.1.0.2
6f491000-6f492000 rwxp 00008000 08:05 4654       /usr/lib/i386-linux-gnu/libXcursor.so.1.0.2
6f492000-6f493000 rwxs 2be4a000 00:05 9560       /dev/nvidia0
6f493000-6f494000 rwxs 1d4d2000 00:05 9560       /dev/nvidia0
6f494000-6f495000 rwxs fd060000 00:05 9560       /dev/nvidia0
6f495000-6f4a9000 r-xp 00000000 08:05 4583       /usr/lib/i386-linux-gnu/libICE.so.6.3.0
6f4a9000-6f4aa000 r-xp 00013000 08:05 4583       /usr/lib/i386-linux-gnu/libICE.so.6.3.0
6f4aa000-6f4ab000 rwxp 00014000 08:05 4583       /usr/lib/i386-linux-gnu/libICE.so.6.3.0
6f4ab000-6f4ad000 rwxp 00000000 00:00 0 
6f4ad000-6f4b0000 ---p 00000000 00:00 0 
6f4b0000-6f4fe000 rwxp 00000000 00:00 0 
6f4fe000-6f577000 r-xp 00000000 08:05 5349       /usr/lib/jvm/java-6-sun-1.6.0.24/jre/lib/i386/libfontmanager.so
6f577000-6f581000 rwxp 00078000 08:05 5349       /usr/lib/jvm/java-6-sun-1.6.0.24/jre/lib/i386/libfontmanager.so
6f581000-6f586000 rwxp 00000000 00:00 0 
6f586000-6f59d000 r-xp 00000000 08:05 1738       /usr/lib/i386-linux-gnu/libxcb.so.1.1.0
6f59d000-6f59e000 r-xp 00016000 08:05 1738       /usr/lib/i386-linux-gnu/libxcb.so.1.1.0
6f59e000-6f59f000 rwxp 00017000 08:05 1738       /usr/lib/i386-linux-gnu/libxcb.so.1.1.0
6f59f000-6f6b5000 r-xp 00000000 08:05 161        /usr/lib/i386-linux-gnu/libX11.so.6.3.0
6f6b5000-6f6b6000 ---p 00116000 08:05 161        /usr/lib/i386-linux-gnu/libX11.so.6.3.0
6f6b6000-6f6b7000 r-xp 00116000 08:05 161        /usr/lib/i386-linux-gnu/libX11.so.6.3.0
6f6b7000-6f6b9000 rwxp 00117000 08:05 161        /usr/lib/i386-linux-gnu/libX11.so.6.3.0
6f6b9000-6f6ba000 rwxp 00000000 00:00 0 
6f6ba000-6f6fd000 r-xp 00000000 08:05 5335       /usr/lib/jvm/java-6-sun-1.6.0.24/jre/lib/i386/xawt/libmawt.so
6f6fd000-6f6ff000 rwxp 00043000 08:05 5335       /usr/lib/jvm/java-6-sun-1.6.0.24/jre/lib/i386/xawt/libmawt.so
6f6ff000-6f700000 rwxp 00000000 00:00 0 
6f700000-6f800000 rwxp 00000000 00:00 0 
6f800000-6f801000 r-xp 00000000 08:05 3759       /usr/lib/i386-linux-gnu/libX11-xcb.so.1.0.0
6f801000-6f802000 r-xp 00000000 08:05 3759       /usr/lib/i386-linux-gnu/libX11-xcb.so.1.0.0
6f802000-6f803000 rwxp 00001000 08:05 3759       /usr/lib/i386-linux-gnu/libX11-xcb.so.1.0.0
6f803000-6f80b000 r-xs 00000000 08:05 200519     /var/cache/fontconfig/d52a8644073d54c13679302ca1180695-le32d4.cache-3
6f80b000-6f80f000 r-xp 00000000 08:05 1664       /usr/lib/i386-linux-gnu/libXdmcp.so.6.0.0
6f80f000-6f810000 r-xp 00003000 08:05 1664       /usr/lib/i386-linux-gnu/libXdmcp.so.6.0.0
6f810000-6f811000 rwxp 00004000 08:05 1664       /usr/lib/i386-linux-gnu/libXdmcp.so.6.0.0
6f811000-6f81e000 r-xp 00000000 08:05 3225       /usr/lib/i386-linux-gnu/libXi.so.6.1.0
6f81e000-6f81f000 r-xp 0000c000 08:05 3225       /usr/lib/i386-linux-gnu/libXi.so.6.1.0
6f81f000-6f820000 rwxp 0000d000 08:05 3225       /usr/lib/i386-linux-gnu/libXi.so.6.1.0
6f820000-6f82d000 r-xp 00000000 08:05 679        /usr/lib/i386-linux-gnu/libXext.so.6.4.0
6f82d000-6f82e000 r-xp 0000c000 08:05 679        /usr/lib/i386-linux-gnu/libXext.so.6.4.0
6f82e000-6f82f000 rwxp 0000d000 08:05 679        /usr/lib/i386-linux-gnu/libXext.so.6.4.0
6f82f000-6f8b3000 r-xp 00000000 08:05 5308       /usr/lib/jvm/java-6-sun-1.6.0.24/jre/lib/i386/libawt.so
6f8b3000-6f8ba000 rwxp 00084000 08:05 5308       /usr/lib/jvm/java-6-sun-1.6.0.24/jre/lib/i386/libawt.so
6f8ba000-6f8de000 rwxp 00000000 00:00 0 
6f8de000-6f8f8000 r-xp 00000000 08:05 7784       /lib/i386-linux-gnu/libgcc_s.so.1
6f8f8000-6f8f9000 r-xp 00019000 08:05 7784       /lib/i386-linux-gnu/libgcc_s.so.1
6f8f9000-6f8fa000 rwxp 0001a000 08:05 7784       /lib/i386-linux-gnu/libgcc_s.so.1
6f8fa000-6f9d9000 r-xp 00000000 08:05 1159       /usr/lib/i386-linux-gnu/libstdc++.so.6.0.14
6f9d9000-6f9dd000 r-xp 000de000 08:05 1159       /usr/lib/i386-linux-gnu/libstdc++.so.6.0.14
6f9dd000-6f9de000 rwxp 000e2000 08:05 1159       /usr/lib/i386-linux-gnu/libstdc++.so.6.0.14
6f9de000-6f9e5000 rwxp 00000000 00:00 0 
6f9e5000-6f9e6000 r-xp 00000000 08:05 79894      /usr/lib/nvidia-current/tls/libnvidia-tls.so.270.41.06
6f9e6000-6f9e7000 rwxp 00000000 08:05 79894      /usr/lib/nvidia-current/tls/libnvidia-tls.so.270.41.06
6f9e7000-6f9e8000 r-xp 00000000 08:05 5312       /usr/lib/jvm/java-6-sun-1.6.0.24/jre/lib/i386/libjawt.so
6f9e8000-6f9e9000 rwxp 00000000 08:05 5312       /usr/lib/jvm/java-6-sun-1.6.0.24/jre/lib/i386/libjawt.so
6f9e9000-6f9ec000 r-xs 00000000 08:05 197285     /var/cache/fontconfig/d60319d88cac85ba9e1a07bd06cfbb8c-le32d4.cache-3
6f9ec000-6f9f4000 r-xs 00000000 08:05 131237     /var/cache/fontconfig/e13b20fdb08344e0e664864cc2ede53d-le32d4.cache-3
6f9f4000-6f9f7000 r-xs 00000000 08:05 197283     /var/cache/fontconfig/7ef2298fde41cc6eeb7af42e48b7d293-le32d4.cache-3
6f9f7000-6f9fd000 r-xs 00000000 08:05 197282     /var/cache/fontconfig/f9d09c8f876e50a959bba6271bd9db7e-le32d4.cache-3
6f9fd000-6fa00000 r-xs 00000000 08:05 153929     /home/acoppes/.fontconfig/08ab2c142ec0b51265feeb17bb7e022f-le32d4.cache-3
6fa00000-6fb00000 rwxp 00000000 00:00 0 
6fb00000-6fb01000 r-xs 00000000 08:05 151480     /var/cache/fontconfig/4794a0821666d79190d59a36cb4f44b5-le32d4.cache-3
6fb01000-6fb03000 r-xp 00000000 08:05 7726       /usr/lib/i386-linux-gnu/libXau.so.6.0.0
6fb03000-6fb04000 r-xp 00001000 08:05 7726       /usr/lib/i386-linux-gnu/libXau.so.6.0.0
6fb04000-6fb05000 rwxp 00002000 08:05 7726       /usr/lib/i386-linux-gnu/libXau.so.6.0.0
6fb05000-6fb09000 r-xp 00000000 08:05 3610       /usr/lib/libXtst.so.6.1.0
6fb09000-6fb0a000 r-xp 00003000 08:05 3610       /usr/lib/libXtst.so.6.1.0
6fb0a000-6fb0b000 rwxp 00004000 08:05 3610       /usr/lib/libXtst.so.6.1.0
6fb0b000-6fb87000 r-xp 00000000 08:05 6145       /tmp/libgdx/4116731619/libgdx.so
6fb87000-6fb88000 ---p 0007c000 08:05 6145       /tmp/libgdx/4116731619/libgdx.so
6fb88000-6fb89000 r-xp 0007c000 08:05 6145       /tmp/libgdx/4116731619/libgdx.so
6fb89000-6fb8a000 rwxp 0007d000 08:05 6145       /tmp/libgdx/4116731619/libgdx.so
6fb8a000-6fb8d000 rwxp 00000000 00:00 0 
6fb8d000-6fb8f000 r-xs 00005000 08:05 419697     /home/acoppes/.m2/repository/org/slf4j/slf4j-api/1.6.1/slf4j-api-1.6.1.jar
6fb8f000-6fb97000 r-xs 00045000 08:05 419582     /home/acoppes/.m2/repository/ch/qos/logback/logback-core/0.9.28/logback-core-0.9.28.jar
6fb97000-6fb9c000 r-xs 00037000 08:05 419581     /home/acoppes/.m2/repository/ch/qos/logback/logback-classic/0.9.28/logback-classic-0.9.28.jar
6fb9c000-6fb9e000 r-xs 0000d000 08:05 466822     /home/acoppes/.m2/repository/commons-codec/commons-codec/1.4/commons-codec-1.4.jar
6fb9e000-6fba0000 r-xs 0000d000 08:05 404270     /home/acoppes/.m2/repository/commons-logging/commons-logging/1.1.1/commons-logging-1.1.1.jar
6fba0000-6fba5000 r-xs 00028000 08:05 438479     /home/acoppes/.m2/repository/org/apache/httpcomponents/httpcore/4.1/httpcore-4.1.jar
6fba5000-6fbad000 r-xs 0004e000 08:05 438478     /home/acoppes/.m2/repository/org/apache/httpcomponents/httpclient/4.1.1/httpclient-4.1.1.jar
6fbad000-6fbbb000 r-xs 0008f000 08:05 266538     /home/acoppes/.m2/repository/com/google/collections/google-collections/1.0/google-collections-1.0.jar
6fbbb000-6fbbe000 r-xs 00018000 08:05 266539     /home/acoppes/.m2/repository/commons-io/commons-io/1.4/commons-io-1.4.jar
6fbbe000-6fbc2000 r-xs 00027000 08:05 436018     /home/acoppes/.m2/repository/com/google/code/gson/gson/1.7.1/gson-1.7.1.jar
6fbc2000-6fbc5000 r-xs 00017000 08:05 705239     /home/acoppes/.m2/repository/net/javazoom/jlayer/jlayer/1.0.1/jlayer-1.0.1.jar
6fbc5000-6fbd1000 r-xs 000c8000 08:05 669383     /home/acoppes/.m2/repository/org/lwjgl/lwjgl/2.6.0-GEMSERK/lwjgl-2.6.0-GEMSERK.jar
6fbd1000-6fbd2000 ---p 00000000 00:00 0 
6fbd2000-6fc52000 rwxp 00000000 00:00 0 
6fc52000-6fc55000 ---p 00000000 00:00 0 
6fc55000-6fca3000 rwxp 00000000 00:00 0 
6fca3000-6fca6000 ---p 00000000 00:00 0 
6fca6000-6fd24000 rwxp 00000000 00:00 0 
6fd24000-6fd27000 ---p 00000000 00:00 0 
6fd27000-6fda5000 rwxp 00000000 00:00 0 
6fda5000-6fda8000 ---p 00000000 00:00 0 
6fda8000-6fdf6000 rwxp 00000000 00:00 0 
6fdf6000-6fdf7000 r-xp 004f2000 08:05 262459     /usr/lib/locale/locale-archive
6fdf7000-6ff16000 r-xp 002a3000 08:05 262459     /usr/lib/locale/locale-archive
6ff16000-70116000 r-xp 00000000 08:05 262459     /usr/lib/locale/locale-archive
70116000-70119000 ---p 00000000 00:00 0 
70119000-70167000 rwxp 00000000 00:00 0 
70167000-7016a000 ---p 00000000 00:00 0 
7016a000-701b8000 rwxp 00000000 00:00 0 
701b8000-701b9000 ---p 00000000 00:00 0 
701b9000-7026d000 rwxp 00000000 00:00 0 
7026d000-70405000 r-xs 03027000 08:05 5369       /usr/lib/jvm/java-6-sun-1.6.0.24/jre/lib/rt.jar
70405000-70406000 ---p 00000000 00:00 0 
70406000-70486000 rwxp 00000000 00:00 0 
70486000-70487000 ---p 00000000 00:00 0 
70487000-7050f000 rwxp 00000000 00:00 0 
7050f000-70527000 rwxp 00000000 00:00 0 
70527000-7053c000 rwxp 00000000 00:00 0 
7053c000-70677000 rwxp 00000000 00:00 0 
70677000-7067f000 rwxp 00000000 00:00 0 
7067f000-70697000 rwxp 00000000 00:00 0 
70697000-706ac000 rwxp 00000000 00:00 0 
706ac000-707e7000 rwxp 00000000 00:00 0 
707e7000-707f2000 rwxp 00000000 00:00 0 
707f2000-7088f000 rwxp 00000000 00:00 0 
7088f000-71890000 rwxp 00000000 00:00 0 
71890000-74890000 rwxp 00000000 00:00 0 
74890000-77290000 rwxp 00000000 00:00 0 
77290000-9e890000 rwxp 00000000 00:00 0 
9e890000-9fd90000 rwxp 00000000 00:00 0 
9fd90000-b3890000 rwxp 00000000 00:00 0 
b3890000-b3892000 r-xs 00011000 08:05 727505     /home/acoppes/.m2/repository/com/badlogic/gdx/gdx-backend-lwjgl/0.91-SNAPSHOT/gdx-backend-lwjgl-0.91-SNAPSHOT.jar
b3892000-b3894000 r-xs 00028000 08:05 753601     /home/acoppes/.m2/repository/com/gemserk/vecmath/vecmath/1.5.3-GEMSERK/vecmath-1.5.3-GEMSERK.jar
b3894000-b389d000 r-xs 00075000 08:05 734357     /home/acoppes/.m2/repository/com/badlogic/gdx/gdx/0.91-SNAPSHOT/gdx-0.91-SNAPSHOT.jar
b389d000-b38a6000 rwxp 00000000 00:00 0 
b38a6000-b395d000 rwxp 00000000 00:00 0 
b395d000-b3b9d000 rwxp 00000000 00:00 0 
b3b9d000-b695d000 rwxp 00000000 00:00 0 
b695d000-b6967000 r-xp 00000000 08:05 71730      /lib/i386-linux-gnu/libnss_files-2.13.so
b6967000-b6968000 r-xp 00009000 08:05 71730      /lib/i386-linux-gnu/libnss_files-2.13.so
b6968000-b6969000 rwxp 0000a000 08:05 71730      /lib/i386-linux-gnu/libnss_files-2.13.so
b6969000-b6972000 r-xp 00000000 08:05 71717      /lib/i386-linux-gnu/libnss_nis-2.13.so
b6972000-b6973000 r-xp 00008000 08:05 71717      /lib/i386-linux-gnu/libnss_nis-2.13.so
b6973000-b6974000 rwxp 00009000 08:05 71717      /lib/i386-linux-gnu/libnss_nis-2.13.so
b6974000-b697a000 r-xp 00000000 08:05 71718      /lib/i386-linux-gnu/libnss_compat-2.13.so
b697a000-b697b000 r-xp 00005000 08:05 71718      /lib/i386-linux-gnu/libnss_compat-2.13.so
b697b000-b697c000 rwxp 00006000 08:05 71718      /lib/i386-linux-gnu/libnss_compat-2.13.so
b697c000-b698f000 r-xp 00000000 08:05 71714      /lib/i386-linux-gnu/libnsl-2.13.so
b698f000-b6990000 r-xp 00012000 08:05 71714      /lib/i386-linux-gnu/libnsl-2.13.so
b6990000-b6991000 rwxp 00013000 08:05 71714      /lib/i386-linux-gnu/libnsl-2.13.so
b6991000-b6993000 rwxp 00000000 00:00 0 
b6993000-b6995000 r-xs 00017000 08:05 538464     /home/acoppes/.m2/repository/jorbis/jorbis/0.0.17/jorbis-0.0.17.jar
b6995000-b69a4000 r-xp 00000000 08:05 5310       /usr/lib/jvm/java-6-sun-1.6.0.24/jre/lib/i386/libzip.so
b69a4000-b69a6000 rwxp 0000e000 08:05 5310       /usr/lib/jvm/java-6-sun-1.6.0.24/jre/lib/i386/libzip.so
b69a6000-b69ae000 rwxs 00000000 08:05 6143       /tmp/hsperfdata_acoppes/32196
b69ae000-b69d1000 r-xp 00000000 08:05 5305       /usr/lib/jvm/java-6-sun-1.6.0.24/jre/lib/i386/libjava.so
b69d1000-b69d3000 rwxp 00023000 08:05 5305       /usr/lib/jvm/java-6-sun-1.6.0.24/jre/lib/i386/libjava.so
b69d3000-b69da000 r-xp 00000000 08:05 71711      /lib/i386-linux-gnu/librt-2.13.so
b69da000-b69db000 r-xp 00006000 08:05 71711      /lib/i386-linux-gnu/librt-2.13.so
b69db000-b69dc000 rwxp 00007000 08:05 71711      /lib/i386-linux-gnu/librt-2.13.so
b69dc000-b69df000 ---p 00000000 00:00 0 
b69df000-b6a2d000 rwxp 00000000 00:00 0 
b6a2d000-b6a51000 r-xp 00000000 08:05 71727      /lib/i386-linux-gnu/libm-2.13.so
b6a51000-b6a52000 r-xp 00023000 08:05 71727      /lib/i386-linux-gnu/libm-2.13.so
b6a52000-b6a53000 rwxp 00024000 08:05 71727      /lib/i386-linux-gnu/libm-2.13.so
b6a53000-b71e0000 r-xp 00000000 08:05 5321       /usr/lib/jvm/java-6-sun-1.6.0.24/jre/lib/i386/server/libjvm.so
b71e0000-b7233000 rwxp 0078d000 08:05 5321       /usr/lib/jvm/java-6-sun-1.6.0.24/jre/lib/i386/server/libjvm.so
b7233000-b7652000 rwxp 00000000 00:00 0 
b7652000-b77ac000 r-xp 00000000 08:05 71709      /lib/i386-linux-gnu/libc-2.13.so
b77ac000-b77ad000 ---p 0015a000 08:05 71709      /lib/i386-linux-gnu/libc-2.13.so
b77ad000-b77af000 r-xp 0015a000 08:05 71709      /lib/i386-linux-gnu/libc-2.13.so
b77af000-b77b0000 rwxp 0015c000 08:05 71709      /lib/i386-linux-gnu/libc-2.13.so
b77b0000-b77b3000 rwxp 00000000 00:00 0 
b77b3000-b77b5000 r-xp 00000000 08:05 71725      /lib/i386-linux-gnu/libdl-2.13.so
b77b5000-b77b6000 r-xp 00001000 08:05 71725      /lib/i386-linux-gnu/libdl-2.13.so
b77b6000-b77b7000 rwxp 00002000 08:05 71725      /lib/i386-linux-gnu/libdl-2.13.so
b77b7000-b77be000 r-xp 00000000 08:05 5313       /usr/lib/jvm/java-6-sun-1.6.0.24/jre/lib/i386/jli/libjli.so
b77be000-b77c0000 rwxp 00006000 08:05 5313       /usr/lib/jvm/java-6-sun-1.6.0.24/jre/lib/i386/jli/libjli.so
b77c0000-b77c1000 rwxp 00000000 00:00 0 
b77c1000-b77d6000 r-xp 00000000 08:05 71723      /lib/i386-linux-gnu/libpthread-2.13.so
b77d6000-b77d7000 r-xp 00015000 08:05 71723      /lib/i386-linux-gnu/libpthread-2.13.so
b77d7000-b77d8000 rwxp 00016000 08:05 71723      /lib/i386-linux-gnu/libpthread-2.13.so
b77d8000-b77da000 rwxp 00000000 00:00 0 
b77da000-b77db000 r-xs 00046000 08:05 669376     /home/acoppes/.m2/repository/org/lwjgl/lwjgl/2.6.0-GEMSERK/lwjgl-2.6.0-GEMSERK-natives-mac.jar
b77db000-b77dc000 r-xs 0006b000 08:05 669379     /home/acoppes/.m2/repository/org/lwjgl/lwjgl/2.6.0-GEMSERK/lwjgl-2.6.0-GEMSERK-natives-linux.jar
b77dc000-b77dd000 r-xs 00047000 08:05 669378     /home/acoppes/.m2/repository/org/lwjgl/lwjgl/2.6.0-GEMSERK/lwjgl-2.6.0-GEMSERK-natives-win.jar
b77dd000-b77de000 r-xs 000ad000 08:05 699496     /home/acoppes/.m2/repository/com/badlogic/gdx/gdx-platform/0.91-SNAPSHOT/gdx-platform-0.91-SNAPSHOT-natives-mac.jar
b77de000-b77df000 r-xs 00089000 08:05 699484     /home/acoppes/.m2/repository/com/badlogic/gdx/gdx-platform/0.91-SNAPSHOT/gdx-platform-0.91-SNAPSHOT-natives-linux.jar
b77df000-b77e0000 r-xs 0009f000 08:05 727508     /home/acoppes/.m2/repository/com/badlogic/gdx/gdx-platform/0.91-SNAPSHOT/gdx-platform-0.91-SNAPSHOT-natives-win.jar
b77e0000-b77e6000 r-xp 00000000 08:05 5323       /usr/lib/jvm/java-6-sun-1.6.0.24/jre/lib/i386/native_threads/libhpi.so
b77e6000-b77e7000 rwxp 00006000 08:05 5323       /usr/lib/jvm/java-6-sun-1.6.0.24/jre/lib/i386/native_threads/libhpi.so
b77e7000-b77e8000 rwxp 00000000 00:00 0 
b77e8000-b77e9000 r-xp 00000000 00:00 0 
b77e9000-b77f4000 r-xp 00000000 08:05 5334       /usr/lib/jvm/java-6-sun-1.6.0.24/jre/lib/i386/libverify.so
b77f4000-b77f5000 rwxp 0000b000 08:05 5334       /usr/lib/jvm/java-6-sun-1.6.0.24/jre/lib/i386/libverify.so
b77f5000-b77f7000 rwxp 00000000 00:00 0 
b77f7000-b77f8000 r-xp 00000000 00:00 0          [vdso]
b77f8000-b7814000 r-xp 00000000 08:05 71728      /lib/i386-linux-gnu/ld-2.13.so
b7814000-b7815000 r-xp 0001b000 08:05 71728      /lib/i386-linux-gnu/ld-2.13.so
b7815000-b7816000 rwxp 0001c000 08:05 71728      /lib/i386-linux-gnu/ld-2.13.so
bfe18000-bfe3a000 rwxp 00000000 00:00 0          [stack]

VM Arguments:
jvm_args: -Djava.library.path=/home/acoppes/workspace/discovertheway/discovertheway-desktop/target/natives -Dfile.encoding=UTF-8 
java_command: com.gemserk.games.discovertheway.DesktopApplication
Launcher Type: SUN_STANDARD

Environment Variables:
JAVA_HOME=/usr/lib/jvm/java-6-sun
PATH=/usr/local/sbin:/usr/local/bin:/usr/sbin:/usr/bin:/sbin:/bin:/usr/games:/usr/lib/jvm/java-6-sun/bin:/opt/maven/bin:/opt/ant/bin:/home/acoppes/android-sdk-linux_86/tools
USERNAME=acoppes
LD_LIBRARY_PATH=/usr/lib/jvm/java-6-sun-1.6.0.24/jre/lib/i386/server:/usr/lib/jvm/java-6-sun-1.6.0.24/jre/lib/i386:/usr/lib/jvm/java-6-sun-1.6.0.24/jre/../lib/i386:/usr/lib/jvm/java-6-sun-1.6.0.24/jre/lib/i386/client:/usr/lib/jvm/java-6-sun-1.6.0.24/jre/lib/i386:/usr/lib/xulrunner-addons:/usr/lib/xulrunner-addons
SHELL=/bin/bash
DISPLAY=:0.0

Signal Handlers:
SIGSEGV: [libjvm.so+0x708f80], sa_mask[0]=0x7ffbfeff, sa_flags=0x10000004
SIGBUS: [libjvm.so+0x708f80], sa_mask[0]=0x7ffbfeff, sa_flags=0x10000004
SIGFPE: [libjvm.so+0x5c4100], sa_mask[0]=0x7ffbfeff, sa_flags=0x10000004
SIGPIPE: [libjvm.so+0x5c4100], sa_mask[0]=0x7ffbfeff, sa_flags=0x10000004
SIGXFSZ: [libjvm.so+0x5c4100], sa_mask[0]=0x7ffbfeff, sa_flags=0x10000004
SIGILL: [libjvm.so+0x5c4100], sa_mask[0]=0x7ffbfeff, sa_flags=0x10000004
SIGUSR1: SIG_DFL, sa_mask[0]=0x00000000, sa_flags=0x00000000
SIGUSR2: [libjvm.so+0x5c70e0], sa_mask[0]=0x00000004, sa_flags=0x10000004
SIGHUP: [libjvm.so+0x5c6cc0], sa_mask[0]=0x7ffbfeff, sa_flags=0x10000004
SIGINT: [libjvm.so+0x5c6cc0], sa_mask[0]=0x7ffbfeff, sa_flags=0x10000004
SIGTERM: [libjvm.so+0x5c6cc0], sa_mask[0]=0x7ffbfeff, sa_flags=0x10000004
SIGQUIT: [libjvm.so+0x5c6cc0], sa_mask[0]=0x7ffbfeff, sa_flags=0x10000004


---------------  S Y S T E M  ---------------

OS:squeeze/sid

uname:Linux 2.6.38-8-generic-pae #42-Ubuntu SMP Mon Apr 11 05:17:09 UTC 2011 i686
libc:glibc 2.13 NPTL 2.13 
rlimit: STACK 8192k, CORE 0k, NPROC infinity, NOFILE 4096, AS infinity
load average:0.38 0.22 0.23

/proc/meminfo:
MemTotal:        4125760 kB
MemFree:         1645276 kB
Buffers:          582976 kB
Cached:           572744 kB
SwapCached:            0 kB
Active:          1547184 kB
Inactive:         820412 kB
Active(anon):    1033876 kB
Inactive(anon):   194392 kB
Active(file):     513308 kB
Inactive(file):   626020 kB
Unevictable:           0 kB
Mlocked:               0 kB
HighTotal:       3279284 kB
HighFree:        1471588 kB
LowTotal:         846476 kB
LowFree:          173688 kB
SwapTotal:       3148704 kB
SwapFree:        3148704 kB
Dirty:               316 kB
Writeback:             0 kB
AnonPages:       1211948 kB
Mapped:           164556 kB
Shmem:             16392 kB
Slab:              56952 kB
SReclaimable:      41732 kB
SUnreclaim:        15220 kB
KernelStack:        3480 kB
PageTables:         9692 kB
NFS_Unstable:          0 kB
Bounce:                0 kB
WritebackTmp:          0 kB
CommitLimit:     5211584 kB
Committed_AS:    3167108 kB
VmallocTotal:     122880 kB
VmallocUsed:       65232 kB
VmallocChunk:      47100 kB
HardwareCorrupted:     0 kB
HugePages_Total:       0
HugePages_Free:        0
HugePages_Rsvd:        0
HugePages_Surp:        0
Hugepagesize:       2048 kB
DirectMap4k:      643064 kB
DirectMap2M:      270336 kB


CPU:total 2 (2 cores per cpu, 1 threads per core) family 6 model 15 stepping 13, cmov, cx8, fxsr, mmx, sse, sse2, sse3, ssse3

Memory: 4k page, physical 4125760k(1645276k free), swap 3148704k(3148704k free)

vm_info: Java HotSpot(TM) Server VM (19.1-b02) for linux-x86 JRE (1.6.0_24-b07), built on Feb  2 2011 16:51:52 by "java_re" with gcc 3.2.1-7a (J2SE release)

time: Fri Jun 24 12:12:17 2011
elapsed time: 3 seconds

